strating gfunc
gel_MPC30_box_l80.5_pK3.00_pH7.00_pCl1.22_pCa2.16_N200
[71.59143338 71.59143338 71.59143338]
################### -1

 Setting Up reactions... part_types =  ['Na', 'Cl', 'Ca']
Setting up Cl and Ca pair insertion
self.K_ClCa =  4.2383152338878735e-10
Setting up gel reaction , Gamma = 13.524162435000001
total =  2853.9040627364966 kinetic= 1.327167823460111e-23 coulomb= 0.0
total =  3353.05756025359 kinetic= 1.327167823460111e-23 coulomb= 0.0
change_volume to the size L =  80.5
blowing up to box_l =  71.5914333795136
box_l =  75.17100504848929
blowing up to box_l =  75.17100504848929
box_l =  78.92955530091376
blowing up to box_l =  78.92955530091376
box_l =  80.5
volume change done
total =  5459.891121282295 kinetic= 1507.5296063354806 coulomb= 0.0

 #### Equillibration ####, eq_steps =  10
10 % N= {'Na': 480, 'Cl': 2, 'Ca': 1, 'PA': 480}
Means
20 % N= {'Na': 480, 'Cl': 32, 'Ca': 16, 'PA': 480}
Means
30 % N= {'Na': 479, 'Cl': 52, 'Ca': 26, 'PA': 479}
Means
40 % N= {'Na': 479, 'Cl': 52, 'Ca': 26, 'PA': 479}
Means
50 % N= {'Na': 480, 'Cl': 78, 'Ca': 39, 'PA': 480}
Means
60 % N= {'Na': 480, 'Cl': 78, 'Ca': 39, 'PA': 480}
Means
70 % N= {'Na': 480, 'Cl': 94, 'Ca': 47, 'PA': 480}
Means
80 % N= {'Na': 480, 'Cl': 108, 'Ca': 54, 'PA': 480}
Means
90 % N= {'Na': 480, 'Cl': 108, 'Ca': 54, 'PA': 480}
Means
100 % N= {'Na': 480, 'Cl': 108, 'Ca': 54, 'PA': 480}
Means
Means
Erros
Corrs
Done, uptime =  1.81  sec

{'Na': 480, 'Cl': 144, 'Ca': 72, 'PA': 480}
{'Na': 480, 'Cl': 176, 'Ca': 88, 'PA': 480}
{'Na': 480, 'Cl': 214, 'Ca': 107, 'PA': 480}
{'Na': 480, 'Cl': 230, 'Ca': 115, 'PA': 480}
{'Na': 480, 'Cl': 260, 'Ca': 130, 'PA': 480}
{'Na': 480, 'Cl': 290, 'Ca': 145, 'PA': 480}
{'Na': 480, 'Cl': 314, 'Ca': 157, 'PA': 480}
{'Na': 480, 'Cl': 350, 'Ca': 175, 'PA': 480}
{'Na': 480, 'Cl': 370, 'Ca': 185, 'PA': 480}
{'Na': 480, 'Cl': 390, 'Ca': 195, 'PA': 480}
{'Na': 480, 'Cl': 418, 'Ca': 209, 'PA': 480}
{'Na': 480, 'Cl': 432, 'Ca': 216, 'PA': 480}
{'Na': 480, 'Cl': 448, 'Ca': 224, 'PA': 480}
{'Na': 480, 'Cl': 444, 'Ca': 222, 'PA': 480}
{'Na': 480, 'Cl': 446, 'Ca': 223, 'PA': 480}
{'Na': 482, 'Cl': 460, 'Ca': 229, 'PA': 480}
{'Na': 482, 'Cl': 464, 'Ca': 231, 'PA': 480}
{'Na': 482, 'Cl': 460, 'Ca': 229, 'PA': 480}
{'Na': 482, 'Cl': 458, 'Ca': 228, 'PA': 480}
{'Na': 482, 'Cl': 474, 'Ca': 236, 'PA': 480}
{'Na': 482, 'Cl': 474, 'Ca': 236, 'PA': 480}
{'Na': 482, 'Cl': 458, 'Ca': 228, 'PA': 480}
{'Na': 482, 'Cl': 456, 'Ca': 227, 'PA': 480}
{'Na': 482, 'Cl': 460, 'Ca': 229, 'PA': 480}
{'Na': 482, 'Cl': 468, 'Ca': 233, 'PA': 480}
{'Na': 482, 'Cl': 456, 'Ca': 227, 'PA': 480}
{'Na': 482, 'Cl': 480, 'Ca': 239, 'PA': 480}
{'Na': 482, 'Cl': 490, 'Ca': 244, 'PA': 480}
{'Na': 482, 'Cl': 504, 'Ca': 251, 'PA': 480}
{'Na': 482, 'Cl': 504, 'Ca': 251, 'PA': 480}
{'Na': 482, 'Cl': 516, 'Ca': 257, 'PA': 480}
{'Na': 482, 'Cl': 528, 'Ca': 263, 'PA': 480}
{'Na': 482, 'Cl': 532, 'Ca': 265, 'PA': 480}
{'Na': 482, 'Cl': 540, 'Ca': 269, 'PA': 480}
{'Na': 482, 'Cl': 526, 'Ca': 262, 'PA': 480}
{'Na': 482, 'Cl': 510, 'Ca': 254, 'PA': 480}
{'Na': 482, 'Cl': 490, 'Ca': 244, 'PA': 480}
{'Na': 482, 'Cl': 486, 'Ca': 242, 'PA': 480}
{'Na': 482, 'Cl': 484, 'Ca': 241, 'PA': 480}
{'Na': 482, 'Cl': 494, 'Ca': 246, 'PA': 480}
{'Na': 482, 'Cl': 488, 'Ca': 243, 'PA': 480}
{'Na': 482, 'Cl': 478, 'Ca': 238, 'PA': 480}
{'Na': 482, 'Cl': 472, 'Ca': 235, 'PA': 480}
{'Na': 482, 'Cl': 468, 'Ca': 233, 'PA': 480}
{'Na': 482, 'Cl': 476, 'Ca': 237, 'PA': 480}
{'Na': 482, 'Cl': 502, 'Ca': 250, 'PA': 480}
{'Na': 482, 'Cl': 508, 'Ca': 253, 'PA': 480}
{'Na': 482, 'Cl': 502, 'Ca': 250, 'PA': 480}
{'Na': 482, 'Cl': 498, 'Ca': 248, 'PA': 480}
{'Na': 482, 'Cl': 496, 'Ca': 247, 'PA': 480}
{'Na': 482, 'Cl': 494, 'Ca': 246, 'PA': 480}
{'Na': 482, 'Cl': 504, 'Ca': 251, 'PA': 480}
{'Na': 482, 'Cl': 502, 'Ca': 250, 'PA': 480}
{'Na': 482, 'Cl': 514, 'Ca': 256, 'PA': 480}
{'Na': 482, 'Cl': 516, 'Ca': 257, 'PA': 480}
{'Na': 482, 'Cl': 502, 'Ca': 250, 'PA': 480}
{'Na': 482, 'Cl': 498, 'Ca': 248, 'PA': 480}
{'Na': 484, 'Cl': 498, 'Ca': 247, 'PA': 480}
{'Na': 483, 'Cl': 492, 'Ca': 244, 'PA': 479}
{'Na': 484, 'Cl': 480, 'Ca': 238, 'PA': 480}
{'Na': 484, 'Cl': 468, 'Ca': 232, 'PA': 480}
{'Na': 484, 'Cl': 472, 'Ca': 234, 'PA': 480}
{'Na': 484, 'Cl': 492, 'Ca': 244, 'PA': 480}
{'Na': 484, 'Cl': 476, 'Ca': 236, 'PA': 480}
{'Na': 484, 'Cl': 478, 'Ca': 237, 'PA': 480}
{'Na': 484, 'Cl': 482, 'Ca': 239, 'PA': 480}
{'Na': 484, 'Cl': 500, 'Ca': 248, 'PA': 480}
{'Na': 484, 'Cl': 490, 'Ca': 243, 'PA': 480}
{'Na': 484, 'Cl': 488, 'Ca': 242, 'PA': 480}
{'Na': 484, 'Cl': 486, 'Ca': 241, 'PA': 480}
{'Na': 484, 'Cl': 486, 'Ca': 241, 'PA': 480}
{'Na': 484, 'Cl': 494, 'Ca': 245, 'PA': 480}
{'Na': 484, 'Cl': 496, 'Ca': 246, 'PA': 480}
{'Na': 483, 'Cl': 506, 'Ca': 251, 'PA': 479}
{'Na': 484, 'Cl': 496, 'Ca': 246, 'PA': 480}
{'Na': 484, 'Cl': 504, 'Ca': 250, 'PA': 480}
{'Na': 484, 'Cl': 510, 'Ca': 253, 'PA': 480}
{'Na': 484, 'Cl': 510, 'Ca': 253, 'PA': 480}
{'Na': 484, 'Cl': 518, 'Ca': 257, 'PA': 480}
{'Na': 484, 'Cl': 518, 'Ca': 257, 'PA': 480}
{'Na': 484, 'Cl': 534, 'Ca': 265, 'PA': 480}
{'Na': 482, 'Cl': 528, 'Ca': 263, 'PA': 480}
{'Na': 482, 'Cl': 506, 'Ca': 252, 'PA': 480}
{'Na': 482, 'Cl': 498, 'Ca': 248, 'PA': 480}
{'Na': 482, 'Cl': 488, 'Ca': 243, 'PA': 480}
{'Na': 482, 'Cl': 490, 'Ca': 244, 'PA': 480}
{'Na': 482, 'Cl': 480, 'Ca': 239, 'PA': 480}
{'Na': 482, 'Cl': 466, 'Ca': 232, 'PA': 480}
{'Na': 482, 'Cl': 460, 'Ca': 229, 'PA': 480}
{'Na': 482, 'Cl': 478, 'Ca': 238, 'PA': 480}
{'Na': 482, 'Cl': 498, 'Ca': 248, 'PA': 480}
{'Na': 482, 'Cl': 484, 'Ca': 241, 'PA': 480}
{'Na': 481, 'Cl': 486, 'Ca': 242, 'PA': 479}
{'Na': 482, 'Cl': 470, 'Ca': 234, 'PA': 480}
{'Na': 482, 'Cl': 460, 'Ca': 229, 'PA': 480}
{'Na': 482, 'Cl': 462, 'Ca': 230, 'PA': 480}
{'Na': 482, 'Cl': 452, 'Ca': 225, 'PA': 480}
{'Na': 482, 'Cl': 464, 'Ca': 231, 'PA': 480}
{'Na': 482, 'Cl': 470, 'Ca': 234, 'PA': 480}
{'Na': 482, 'Cl': 490, 'Ca': 244, 'PA': 480}

 #### Seting the Electrostatics ####
P3M tune parameters: Accuracy goal = 1.00000e-04 prefactor = 2.00000e+00
System: box_l = 8.05000e+01 # charged part = 1696 Sum[q_i^2] = 2.42800e+03
mesh cao r_cut_iL     alpha_L      err          rs_err     ks_err     time [ms]
12   7   3.60638e-01 7.20595e+00 9.99074e-05 7.071e-05 7.058e-05 14.75   
12   6   3.77074e-01 6.88047e+00 9.98099e-05 7.071e-05 7.044e-05 14.47   
12   5   4.08014e-01 6.34007e+00 9.97834e-05 7.071e-05 7.040e-05 14.12   
12   4   4.81495e-01 5.33917e+00 9.95338e-05 7.071e-05 7.005e-05 13.99   
12   3   4.95031e-01 5.18773e+00 2.90906e-04 7.071e-05 2.822e-04 accuracy not achieved
20   4   3.07517e-01 8.50041e+00 9.97179e-05 7.071e-05 7.031e-05 9.21    
20   3   4.57044e-01 5.63588e+00 9.98495e-05 7.071e-05 7.050e-05 27.07   
20   5   2.57675e-01 1.02101e+01 9.95788e-05 7.071e-05 7.011e-05 6.23    
20   6   2.36986e-01 1.11349e+01 9.92244e-05 7.071e-05 6.961e-05 5.38    
20   7   2.26641e-01 1.16618e+01 9.89873e-05 7.071e-05 6.927e-05 5.64    
28   6   1.74036e-01 1.53296e+01 9.97719e-05 7.071e-05 7.039e-05 4.09    
28   5   1.90700e-01 1.39451e+01 9.87619e-05 7.071e-05 6.895e-05 3.81    
28   7   1.66631e-01 1.60354e+01 9.80763e-05 7.071e-05 6.796e-05 4.41    
28   4   2.29580e-01 1.15072e+01 9.90403e-05 7.071e-05 6.935e-05 5.53    
28   3   2.36986e-01 1.11349e+01 3.17752e-04 7.071e-05 3.098e-04 accuracy not achieved
36   5   1.51964e-01 1.76397e+01 9.89866e-05 7.071e-05 6.927e-05 4.84    
36   4   1.83995e-01 1.44715e+01 9.93765e-05 7.071e-05 6.983e-05 5.50    
36   6   1.38555e-01 1.94088e+01 9.88293e-05 7.071e-05 6.905e-05 4.84    
36   7   1.31851e-01 2.04306e+01 9.94725e-05 7.071e-05 6.996e-05 5.15    
44   5   1.27032e-01 2.12328e+01 9.83922e-05 7.071e-05 6.842e-05 7.63    
44   4   1.51964e-01 1.76397e+01 1.03871e-04 7.071e-05 7.609e-05 accuracy not achieved
44   6   1.15160e-01 2.35006e+01 9.94123e-05 7.071e-05 6.988e-05 7.53    
44   7   1.09818e-01 2.46838e+01 9.82521e-05 7.071e-05 6.822e-05 8.03    

resulting parameters: mesh: (28 28 28), cao: 5, r_cut_iL: 1.9070e-01,
                      alpha_L: 1.3945e+01, accuracy: 9.8762e-05, time: 3.81

P3M tune parameters: Accuracy goal = 1.00000e-04 prefactor = 2.00000e+00
System: box_l = 8.05000e+01 # charged part = 1696 Sum[q_i^2] = 2.42800e+03
fixed mesh 28 28 28
fixed r_cut_iL 0.190700
fixed cao 5
mesh cao r_cut_iL     alpha_L      err          rs_err     ks_err     time [ms]
28   5   1.90700e-01 1.39451e+01 9.87619e-05 7.071e-05 6.895e-05 4.35    

resulting parameters: mesh: (28 28 28), cao: 5, r_cut_iL: 1.9070e-01,
                      alpha_L: 1.3945e+01, accuracy: 9.8762e-05, time: 4.35

Output of p3m captured.
Done, uptime =  3.722095012664795
total =  8523.574289680146 kinetic= 2576.592740267941 coulomb= 1952.5821465904864

 #### Equillibration ####, eq_steps =  100
1 % N= {'Na': 482, 'Cl': 490, 'Ca': 244, 'PA': 480}
Means
2 % N= {'Na': 482, 'Cl': 490, 'Ca': 244, 'PA': 480}
Means
3 % N= {'Na': 482, 'Cl': 490, 'Ca': 244, 'PA': 480}
Means
4 % N= {'Na': 482, 'Cl': 490, 'Ca': 244, 'PA': 480}
Means
5 % N= {'Na': 485, 'Cl': 502, 'Ca': 244, 'PA': 471}
Means
6 % N= {'Na': 488, 'Cl': 510, 'Ca': 244, 'PA': 466}
Means
7 % N= {'Na': 488, 'Cl': 510, 'Ca': 244, 'PA': 466}
Means
8 % N= {'Na': 488, 'Cl': 510, 'Ca': 244, 'PA': 466}
Means
9 % N= {'Na': 488, 'Cl': 510, 'Ca': 244, 'PA': 466}
Means
10 % N= {'Na': 488, 'Cl': 510, 'Ca': 244, 'PA': 466}
Means
11 % N= {'Na': 492, 'Cl': 526, 'Ca': 253, 'PA': 472}
Means
12 % N= {'Na': 495, 'Cl': 528, 'Ca': 252, 'PA': 471}
Means
13 % N= {'Na': 500, 'Cl': 526, 'Ca': 250, 'PA': 474}
Means
14 % N= {'Na': 500, 'Cl': 526, 'Ca': 250, 'PA': 474}
Means
15 % N= {'Na': 500, 'Cl': 526, 'Ca': 250, 'PA': 474}
Means
16 % N= {'Na': 500, 'Cl': 526, 'Ca': 250, 'PA': 474}
Means
17 % N= {'Na': 498, 'Cl': 546, 'Ca': 262, 'PA': 476}
Means
18 % N= {'Na': 498, 'Cl': 546, 'Ca': 262, 'PA': 476}
Means
19 % N= {'Na': 499, 'Cl': 548, 'Ca': 262, 'PA': 475}
Means
20 % N= {'Na': 506, 'Cl': 560, 'Ca': 266, 'PA': 478}
Means
21 % N= {'Na': 506, 'Cl': 560, 'Ca': 266, 'PA': 478}
Means
