strating gfunc
salt_pH7.00_pCl1.22_pCa2.16_N200

 Setting Up reactions... part_types =  ['Na', 'Cl', 'Ca']
Setting up Cl and Ca pair insertion
self.K_ClCa =  4.2383152338878735e-10
total =  0.0 kinetic= 0.0 coulomb= 0.0
total =  0.0 kinetic= 0.0 coulomb= 0.0
total =  0.0 kinetic= 0.0 coulomb= 0.0

 #### Equillibration ####, eq_steps =  10
10 % N= {'Na': 0, 'Cl': 2, 'Ca': 1}
Means
20 % N= {'Na': 0, 'Cl': 2, 'Ca': 1}
Means
30 % N= {'Na': 0, 'Cl': 0, 'Ca': 0}
Means
40 % N= {'Na': 0, 'Cl': 0, 'Ca': 0}
Means
50 % N= {'Na': 0, 'Cl': 0, 'Ca': 0}
Means
60 % N= {'Na': 0, 'Cl': 0, 'Ca': 0}
Means
70 % N= {'Na': 0, 'Cl': 2, 'Ca': 1}
Means
80 % N= {'Na': 0, 'Cl': 2, 'Ca': 1}
Means
90 % N= {'Na': 0, 'Cl': 2, 'Ca': 1}
Means
100 % N= {'Na': 0, 'Cl': 2, 'Ca': 1}
Means
Means
Erros
Corrs
Done, uptime =  0.54  sec

{'Na': 0, 'Cl': 0, 'Ca': 0}
{'Na': 0, 'Cl': 0, 'Ca': 0}
{'Na': 0, 'Cl': 0, 'Ca': 0}
{'Na': 0, 'Cl': 2, 'Ca': 1}
{'Na': 0, 'Cl': 0, 'Ca': 0}
{'Na': 0, 'Cl': 2, 'Ca': 1}
{'Na': 0, 'Cl': 0, 'Ca': 0}
{'Na': 0, 'Cl': 0, 'Ca': 0}
{'Na': 0, 'Cl': 0, 'Ca': 0}
{'Na': 0, 'Cl': 2, 'Ca': 1}
{'Na': 0, 'Cl': 0, 'Ca': 0}
{'Na': 0, 'Cl': 2, 'Ca': 1}
{'Na': 0, 'Cl': 0, 'Ca': 0}
{'Na': 0, 'Cl': 0, 'Ca': 0}
{'Na': 0, 'Cl': 0, 'Ca': 0}
{'Na': 0, 'Cl': 0, 'Ca': 0}
{'Na': 0, 'Cl': 0, 'Ca': 0}
{'Na': 0, 'Cl': 0, 'Ca': 0}
{'Na': 0, 'Cl': 0, 'Ca': 0}
{'Na': 0, 'Cl': 0, 'Ca': 0}
{'Na': 0, 'Cl': 2, 'Ca': 1}
{'Na': 0, 'Cl': 0, 'Ca': 0}
{'Na': 0, 'Cl': 0, 'Ca': 0}
{'Na': 0, 'Cl': 0, 'Ca': 0}
{'Na': 0, 'Cl': 0, 'Ca': 0}
{'Na': 0, 'Cl': 2, 'Ca': 1}
{'Na': 0, 'Cl': 0, 'Ca': 0}
{'Na': 0, 'Cl': 2, 'Ca': 1}
{'Na': 0, 'Cl': 0, 'Ca': 0}
{'Na': 0, 'Cl': 0, 'Ca': 0}
{'Na': 0, 'Cl': 2, 'Ca': 1}
{'Na': 0, 'Cl': 2, 'Ca': 1}
{'Na': 0, 'Cl': 0, 'Ca': 0}
{'Na': 0, 'Cl': 0, 'Ca': 0}
{'Na': 0, 'Cl': 0, 'Ca': 0}
{'Na': 0, 'Cl': 0, 'Ca': 0}
{'Na': 0, 'Cl': 0, 'Ca': 0}
{'Na': 0, 'Cl': 0, 'Ca': 0}
{'Na': 0, 'Cl': 0, 'Ca': 0}
{'Na': 0, 'Cl': 0, 'Ca': 0}
{'Na': 0, 'Cl': 2, 'Ca': 1}
{'Na': 0, 'Cl': 2, 'Ca': 1}
{'Na': 0, 'Cl': 0, 'Ca': 0}
{'Na': 0, 'Cl': 0, 'Ca': 0}
{'Na': 0, 'Cl': 0, 'Ca': 0}
{'Na': 0, 'Cl': 2, 'Ca': 1}
{'Na': 0, 'Cl': 0, 'Ca': 0}
{'Na': 0, 'Cl': 0, 'Ca': 0}
{'Na': 0, 'Cl': 0, 'Ca': 0}
{'Na': 0, 'Cl': 0, 'Ca': 0}
{'Na': 0, 'Cl': 0, 'Ca': 0}
{'Na': 0, 'Cl': 0, 'Ca': 0}
{'Na': 0, 'Cl': 2, 'Ca': 1}
{'Na': 0, 'Cl': 0, 'Ca': 0}
{'Na': 0, 'Cl': 2, 'Ca': 1}
{'Na': 0, 'Cl': 0, 'Ca': 0}
{'Na': 0, 'Cl': 2, 'Ca': 1}
{'Na': 0, 'Cl': 0, 'Ca': 0}
{'Na': 0, 'Cl': 0, 'Ca': 0}
{'Na': 0, 'Cl': 0, 'Ca': 0}
{'Na': 0, 'Cl': 0, 'Ca': 0}
{'Na': 0, 'Cl': 2, 'Ca': 1}
{'Na': 0, 'Cl': 2, 'Ca': 1}
{'Na': 0, 'Cl': 0, 'Ca': 0}
{'Na': 0, 'Cl': 0, 'Ca': 0}
{'Na': 0, 'Cl': 2, 'Ca': 1}
{'Na': 0, 'Cl': 2, 'Ca': 1}
{'Na': 0, 'Cl': 2, 'Ca': 1}
{'Na': 0, 'Cl': 0, 'Ca': 0}
{'Na': 0, 'Cl': 2, 'Ca': 1}
{'Na': 0, 'Cl': 2, 'Ca': 1}
{'Na': 0, 'Cl': 2, 'Ca': 1}
{'Na': 0, 'Cl': 0, 'Ca': 0}
{'Na': 0, 'Cl': 0, 'Ca': 0}
{'Na': 0, 'Cl': 0, 'Ca': 0}
{'Na': 0, 'Cl': 0, 'Ca': 0}
{'Na': 0, 'Cl': 2, 'Ca': 1}
{'Na': 0, 'Cl': 0, 'Ca': 0}
{'Na': 0, 'Cl': 0, 'Ca': 0}
{'Na': 0, 'Cl': 0, 'Ca': 0}
{'Na': 0, 'Cl': 0, 'Ca': 0}
{'Na': 0, 'Cl': 0, 'Ca': 0}
{'Na': 0, 'Cl': 0, 'Ca': 0}
{'Na': 0, 'Cl': 0, 'Ca': 0}
{'Na': 0, 'Cl': 0, 'Ca': 0}
{'Na': 0, 'Cl': 0, 'Ca': 0}
{'Na': 0, 'Cl': 0, 'Ca': 0}
{'Na': 0, 'Cl': 0, 'Ca': 0}
{'Na': 0, 'Cl': 2, 'Ca': 1}
{'Na': 0, 'Cl': 0, 'Ca': 0}
{'Na': 0, 'Cl': 0, 'Ca': 0}
{'Na': 0, 'Cl': 0, 'Ca': 0}
{'Na': 0, 'Cl': 0, 'Ca': 0}
{'Na': 0, 'Cl': 0, 'Ca': 0}
{'Na': 0, 'Cl': 0, 'Ca': 0}
{'Na': 0, 'Cl': 0, 'Ca': 0}
{'Na': 0, 'Cl': 0, 'Ca': 0}
{'Na': 0, 'Cl': 0, 'Ca': 0}
{'Na': 0, 'Cl': 0, 'Ca': 0}
{'Na': 0, 'Cl': 0, 'Ca': 0}

 #### Seting the Electrostatics ####
No charges --- no P3M, uptime = 
total =  0.0 kinetic= 0.0 coulomb= 0.0

 #### Equillibration ####, eq_steps =  100
1 % N= {'Na': 0, 'Cl': 2, 'Ca': 1}
Means
2 % N= {'Na': 0, 'Cl': 2, 'Ca': 1}
Means
3 % N= {'Na': 0, 'Cl': 0, 'Ca': 0}
Means
4 % N= {'Na': 0, 'Cl': 2, 'Ca': 1}
Means
5 % N= {'Na': 0, 'Cl': 0, 'Ca': 0}
Means
6 % N= {'Na': 0, 'Cl': 0, 'Ca': 0}
Means
7 % N= {'Na': 0, 'Cl': 0, 'Ca': 0}
Means
8 % N= {'Na': 0, 'Cl': 0, 'Ca': 0}
Means
9 % N= {'Na': 0, 'Cl': 0, 'Ca': 0}
Means
10 % N= {'Na': 0, 'Cl': 0, 'Ca': 0}
Means
11 % N= {'Na': 0, 'Cl': 0, 'Ca': 0}
Means
12 % N= {'Na': 0, 'Cl': 0, 'Ca': 0}
Means
13 % N= {'Na': 0, 'Cl': 0, 'Ca': 0}
Means
14 % N= {'Na': 0, 'Cl': 0, 'Ca': 0}
Means
15 % N= {'Na': 0, 'Cl': 0, 'Ca': 0}
Means
16 % N= {'Na': 0, 'Cl': 0, 'Ca': 0}
Means
17 % N= {'Na': 0, 'Cl': 0, 'Ca': 0}
Means
18 % N= {'Na': 0, 'Cl': 0, 'Ca': 0}
Means
19 % N= {'Na': 0, 'Cl': 0, 'Ca': 0}
Means
20 % N= {'Na': 0, 'Cl': 0, 'Ca': 0}
Means
21 % N= {'Na': 0, 'Cl': 0, 'Ca': 0}
Means
22 % N= {'Na': 0, 'Cl': 0, 'Ca': 0}
Means
23 % N= {'Na': 0, 'Cl': 0, 'Ca': 0}
Means
24 % N= {'Na': 0, 'Cl': 0, 'Ca': 0}
Means
25 % N= {'Na': 0, 'Cl': 0, 'Ca': 0}
Means
26 % N= {'Na': 0, 'Cl': 0, 'Ca': 0}
Means
27 % N= {'Na': 0, 'Cl': 0, 'Ca': 0}
Means
28 % N= {'Na': 0, 'Cl': 0, 'Ca': 0}
Means
29 % N= {'Na': 0, 'Cl': 4, 'Ca': 2}
Means
30 % N= {'Na': 0, 'Cl': 0, 'Ca': 0}
Means
31 % N= {'Na': 0, 'Cl': 0, 'Ca': 0}
Means
32 % N= {'Na': 0, 'Cl': 0, 'Ca': 0}
Means
33 % N= {'Na': 0, 'Cl': 0, 'Ca': 0}
Means
34 % N= {'Na': 0, 'Cl': 0, 'Ca': 0}
Means
35 % N= {'Na': 0, 'Cl': 0, 'Ca': 0}
Means
36 % N= {'Na': 0, 'Cl': 2, 'Ca': 1}
Means
37 % N= {'Na': 0, 'Cl': 0, 'Ca': 0}
Means
38 % N= {'Na': 0, 'Cl': 0, 'Ca': 0}
Means
39 % N= {'Na': 0, 'Cl': 0, 'Ca': 0}
Means
40 % N= {'Na': 0, 'Cl': 0, 'Ca': 0}
Means
41 % N= {'Na': 0, 'Cl': 0, 'Ca': 0}
Means
42 % N= {'Na': 0, 'Cl': 0, 'Ca': 0}
Means
43 % N= {'Na': 0, 'Cl': 0, 'Ca': 0}
Means
44 % N= {'Na': 0, 'Cl': 0, 'Ca': 0}
Means
45 % N= {'Na': 0, 'Cl': 0, 'Ca': 0}
Means
46 % N= {'Na': 0, 'Cl': 0, 'Ca': 0}
Means
47 % N= {'Na': 0, 'Cl': 0, 'Ca': 0}
Means
48 % N= {'Na': 0, 'Cl': 2, 'Ca': 1}
Means
49 % N= {'Na': 0, 'Cl': 2, 'Ca': 1}
Means
50 % N= {'Na': 0, 'Cl': 2, 'Ca': 1}
Means
51 % N= {'Na': 0, 'Cl': 2, 'Ca': 1}
Means
52 % N= {'Na': 0, 'Cl': 2, 'Ca': 1}
Means
53 % N= {'Na': 0, 'Cl': 2, 'Ca': 1}
Means
54 % N= {'Na': 0, 'Cl': 2, 'Ca': 1}
Means
55 % N= {'Na': 0, 'Cl': 0, 'Ca': 0}
Means
56 % N= {'Na': 0, 'Cl': 0, 'Ca': 0}
Means
57 % N= {'Na': 0, 'Cl': 0, 'Ca': 0}
Means
58 % N= {'Na': 0, 'Cl': 0, 'Ca': 0}
Means
59 % N= {'Na': 0, 'Cl': 0, 'Ca': 0}
Means
60 % N= {'Na': 0, 'Cl': 0, 'Ca': 0}
Means
61 % N= {'Na': 0, 'Cl': 0, 'Ca': 0}
Means
62 % N= {'Na': 0, 'Cl': 0, 'Ca': 0}
Means
63 % N= {'Na': 0, 'Cl': 0, 'Ca': 0}
Means
64 % N= {'Na': 0, 'Cl': 0, 'Ca': 0}
Means
65 % N= {'Na': 0, 'Cl': 0, 'Ca': 0}
Means
66 % N= {'Na': 0, 'Cl': 2, 'Ca': 1}
Means
67 % N= {'Na': 0, 'Cl': 2, 'Ca': 1}
Means
68 % N= {'Na': 0, 'Cl': 0, 'Ca': 0}
Means
69 % N= {'Na': 0, 'Cl': 0, 'Ca': 0}
Means
70 % N= {'Na': 0, 'Cl': 0, 'Ca': 0}
Means
71 % N= {'Na': 0, 'Cl': 2, 'Ca': 1}
Means
72 % N= {'Na': 0, 'Cl': 2, 'Ca': 1}
Means
73 % N= {'Na': 0, 'Cl': 2, 'Ca': 1}
Means
74 % N= {'Na': 0, 'Cl': 0, 'Ca': 0}
Means
75 % N= {'Na': 0, 'Cl': 0, 'Ca': 0}
Means
76 % N= {'Na': 0, 'Cl': 0, 'Ca': 0}
Means
77 % N= {'Na': 0, 'Cl': 0, 'Ca': 0}
Means
78 % N= {'Na': 0, 'Cl': 0, 'Ca': 0}
Means
79 % N= {'Na': 0, 'Cl': 0, 'Ca': 0}
Means
80 % N= {'Na': 0, 'Cl': 0, 'Ca': 0}
Means
81 % N= {'Na': 0, 'Cl': 0, 'Ca': 0}
Means
82 % N= {'Na': 0, 'Cl': 0, 'Ca': 0}
Means
83 % N= {'Na': 0, 'Cl': 0, 'Ca': 0}
Means
84 % N= {'Na': 0, 'Cl': 0, 'Ca': 0}
Means
85 % N= {'Na': 0, 'Cl': 0, 'Ca': 0}
Means
86 % N= {'Na': 0, 'Cl': 0, 'Ca': 0}
Means
87 % N= {'Na': 0, 'Cl': 0, 'Ca': 0}
Means
88 % N= {'Na': 0, 'Cl': 0, 'Ca': 0}
Means
89 % N= {'Na': 0, 'Cl': 0, 'Ca': 0}
Means
90 % N= {'Na': 0, 'Cl': 0, 'Ca': 0}
Means
91 % N= {'Na': 0, 'Cl': 0, 'Ca': 0}
Means
92 % N= {'Na': 0, 'Cl': 0, 'Ca': 0}
Means
93 % N= {'Na': 0, 'Cl': 0, 'Ca': 0}
Means
94 % N= {'Na': 0, 'Cl': 0, 'Ca': 0}
Means
95 % N= {'Na': 0, 'Cl': 0, 'Ca': 0}
Means
96 % N= {'Na': 0, 'Cl': 0, 'Ca': 0}
Means
97 % N= {'Na': 0, 'Cl': 0, 'Ca': 0}
Means
98 % N= {'Na': 0, 'Cl': 0, 'Ca': 0}
Means
99 % N= {'Na': 0, 'Cl': 2, 'Ca': 1}
Means
100 % N= {'Na': 0, 'Cl': 2, 'Ca': 1}
Means
Means
Erros
Corrs
Done, uptime =  6.1  sec

Cl particles in gel 3 gel volume 1000
